::1 - - [10/Dec/2019:12:00:59 +0000] "GET / HTTP/1.1" 200 1245
::1 - - [10/Dec/2019:12:01:00 +0000] "GET / HTTP/1.1" 200 1245
::1 - - [10/Dec/2019:12:01:00 +0000] "GET /style.css HTTP/1.1" 200 2300
::1 - - [10/Dec/2019:12:01:00 +0000] "GET /images/header.png HTTP/1.1" 200 7766
::1 - - [10/Dec/2019:12:01:01 +0000] "GET /images/background.jpg HTTP/1.1" 200 12386
::1 - - [10/Dec/2019:12:01:01 +0000] "GET /images/topcontent.jpg HTTP/1.1" 200 11578
::1 - - [10/Dec/2019:12:01:01 +0000] "GET /images/content.jpg HTTP/1.1" 200 11916
::1 - - [10/Dec/2019:12:01:01 +0000] "GET /images/contentbot.jpg HTTP/1.1" 200 11570
::1 - - [10/Dec/2019:12:01:01 +0000] "GET /favicon.ico HTTP/1.1" 404 209
::1 - - [10/Dec/2019:12:01:08 +0000] "GET /ass_2/registration.php HTTP/1.1" 200 501
::1 - - [10/Dec/2019:12:01:42 +0000] "POST /phpmyadmin/index.php HTTP/1.1" 302 -
::1 - - [10/Dec/2019:12:01:43 +0000] "GET /phpmyadmin/index.php?token=cd6a6dfee104efa0cac5f06e8d369cae&phpMyAdmin=b6431jie2edn1sem5f06f9gv2j95tdct HTTP/1.1" 200 7764
::1 - - [10/Dec/2019:12:01:43 +0000] "GET /phpmyadmin/phpmyadmin.css.php?server=1&collation_connection=utf8_general_ci&token=cd6a6dfee104efa0cac5f06e8d369cae&js_frame=right&nocache=4724059381 HTTP/1.1" 200 41672
::1 - - [10/Dec/2019:12:01:43 +0000] "GET /phpmyadmin/js/messages.php?lang=en&db=&collation_connection=utf8_general_ci&token=cd6a6dfee104efa0cac5f06e8d369cae HTTP/1.1" 200 4934
::1 - - [10/Dec/2019:12:01:43 +0000] "GET /phpmyadmin/themes/pmahomme/img/s_error.png HTTP/1.1" 200 701
::1 - - [10/Dec/2019:12:01:47 +0000] "POST /phpmyadmin/index.php HTTP/1.1" 302 -
::1 - - [10/Dec/2019:12:01:47 +0000] "GET /phpmyadmin/index.php?token=cd6a6dfee104efa0cac5f06e8d369cae HTTP/1.1" 200 7491
::1 - - [10/Dec/2019:12:01:47 +0000] "GET /phpmyadmin/phpmyadmin.css.php?server=1&token=cd6a6dfee104efa0cac5f06e8d369cae&js_frame=right&nocache=4724059381 HTTP/1.1" 200 41672
::1 - - [10/Dec/2019:12:01:47 +0000] "GET /phpmyadmin/js/messages.php?lang=en&db=&token=cd6a6dfee104efa0cac5f06e8d369cae HTTP/1.1" 200 4934
::1 - - [10/Dec/2019:12:02:12 +0000] "POST /phpmyadmin/index.php HTTP/1.1" 302 -
::1 - - [10/Dec/2019:12:02:12 +0000] "GET /phpmyadmin/index.php?token=cd6a6dfee104efa0cac5f06e8d369cae HTTP/1.1" 200 2591
::1 - - [10/Dec/2019:12:02:12 +0000] "GET /phpmyadmin/js/common.js?ts=1574686306 HTTP/1.1" 200 5294
::1 - - [10/Dec/2019:12:02:12 +0000] "GET /phpmyadmin/navigation.php?token=cd6a6dfee104efa0cac5f06e8d369cae HTTP/1.1" 200 4181
::1 - - [10/Dec/2019:12:02:13 +0000] "GET /phpmyadmin/js/jquery/jquery-1.4.4.js HTTP/1.1" 200 78268
::1 - - [10/Dec/2019:12:02:13 +0000] "GET /phpmyadmin/js/functions.js HTTP/1.1" 200 31563
::1 - - [10/Dec/2019:12:02:13 +0000] "GET /phpmyadmin/js/navigation.js HTTP/1.1" 200 2521
::1 - - [10/Dec/2019:12:02:12 +0000] "GET /phpmyadmin/main.php?token=cd6a6dfee104efa0cac5f06e8d369cae HTTP/1.1" 200 37829
::1 - - [10/Dec/2019:12:02:13 +0000] "GET /phpmyadmin/phpmyadmin.css.php?token=cd6a6dfee104efa0cac5f06e8d369cae&js_frame=left&nocache=6300038713 HTTP/1.1" 200 5861
::1 - - [10/Dec/2019:12:02:13 +0000] "GET /phpmyadmin/themes/pmahomme/img/logo_left.png HTTP/1.1" 200 4970
::1 - - [10/Dec/2019:12:02:13 +0000] "GET /phpmyadmin/themes/pmahomme/img/b_home.png HTTP/1.1" 200 806
::1 - - [10/Dec/2019:12:02:13 +0000] "GET /phpmyadmin/themes/pmahomme/img/s_loggoff.png HTTP/1.1" 200 688
::1 - - [10/Dec/2019:12:02:13 +0000] "GET /phpmyadmin/themes/pmahomme/img/b_docs.png HTTP/1.1" 200 786
::1 - - [10/Dec/2019:12:02:13 +0000] "GET /phpmyadmin/themes/pmahomme/img/s_reload.png HTTP/1.1" 200 608
::1 - - [10/Dec/2019:12:02:13 +0000] "GET /phpmyadmin/themes/pmahomme/img/b_sqlhelp.png HTTP/1.1" 200 579
::1 - - [10/Dec/2019:12:02:13 +0000] "GET /phpmyadmin/themes/pmahomme/img/b_selboard.png HTTP/1.1" 200 698
::1 - - [10/Dec/2019:12:02:13 +0000] "GET /phpmyadmin/phpmyadmin.css.php?server=1&token=cd6a6dfee104efa0cac5f06e8d369cae&js_frame=right&nocache=6300038713 HTTP/1.1" 200 41672
::1 - - [10/Dec/2019:12:02:13 +0000] "GET /phpmyadmin/js/jquery/jquery-ui-1.8.custom.js?ts=1574686310 HTTP/1.1" 200 190765
::1 - - [10/Dec/2019:12:02:13 +0000] "GET /phpmyadmin/js/config.js?ts=1574686306 HTTP/1.1" 200 9480
::1 - - [10/Dec/2019:12:02:13 +0000] "GET /phpmyadmin/js/jquery/jquery.sprintf.js?ts=1574686312 HTTP/1.1" 200 987
::1 - - [10/Dec/2019:12:02:13 +0000] "GET /phpmyadmin/themes/pmahomme/img/s_status.png HTTP/1.1" 200 673
::1 - - [10/Dec/2019:12:02:13 +0000] "GET /phpmyadmin/themes/pmahomme/img/s_process.png HTTP/1.1" 200 512
::1 - - [10/Dec/2019:12:02:13 +0000] "GET /phpmyadmin/themes/pmahomme/img/s_rights.png HTTP/1.1" 200 533
::1 - - [10/Dec/2019:12:02:13 +0000] "GET /phpmyadmin/themes/pmahomme/img/s_host.png HTTP/1.1" 200 667
::1 - - [10/Dec/2019:12:02:13 +0000] "GET /phpmyadmin/themes/pmahomme/img/s_db.png HTTP/1.1" 200 390
::1 - - [10/Dec/2019:12:02:13 +0000] "GET /phpmyadmin/themes/pmahomme/img/b_export.png HTTP/1.1" 200 641
::1 - - [10/Dec/2019:12:02:13 +0000] "GET /phpmyadmin/themes/pmahomme/img/s_vars.png HTTP/1.1" 200 603
::1 - - [10/Dec/2019:12:02:13 +0000] "GET /phpmyadmin/themes/pmahomme/img/s_asci.png HTTP/1.1" 200 209
::1 - - [10/Dec/2019:12:02:13 +0000] "GET /phpmyadmin/themes/pmahomme/img/b_sql.png HTTP/1.1" 200 748
::1 - - [10/Dec/2019:12:02:13 +0000] "GET /phpmyadmin/themes/pmahomme/img/b_engine.png HTTP/1.1" 200 468
::1 - - [10/Dec/2019:12:02:13 +0000] "GET /phpmyadmin/themes/pmahomme/img/s_replication.png HTTP/1.1" 200 447
::1 - - [10/Dec/2019:12:02:13 +0000] "GET /phpmyadmin/themes/pmahomme/img/b_import.png HTTP/1.1" 200 629
::1 - - [10/Dec/2019:12:02:13 +0000] "GET /phpmyadmin/themes/pmahomme/img/s_sync.png HTTP/1.1" 200 551
::1 - - [10/Dec/2019:12:02:13 +0000] "GET /phpmyadmin/themes/pmahomme/img/b_tblops.png HTTP/1.1" 200 610
::1 - - [10/Dec/2019:12:02:13 +0000] "GET /phpmyadmin/themes/pmahomme/img/window-new.png HTTP/1.1" 200 583
::1 - - [10/Dec/2019:12:02:13 +0000] "GET /phpmyadmin/themes/pmahomme/img/left_nav_bg.png HTTP/1.1" 200 215
::1 - - [10/Dec/2019:12:02:13 +0000] "GET /phpmyadmin/themes/pmahomme/img/database.png HTTP/1.1" 200 390
::1 - - [10/Dec/2019:12:02:13 +0000] "GET /phpmyadmin/themes/pmahomme/img/tab_bg.png HTTP/1.1" 200 160
::1 - - [10/Dec/2019:12:02:13 +0000] "GET /phpmyadmin/themes/pmahomme/img/s_passwd.png HTTP/1.1" 200 435
::1 - - [10/Dec/2019:12:02:13 +0000] "GET /phpmyadmin/themes/pmahomme/img/s_theme.png HTTP/1.1" 200 856
::1 - - [10/Dec/2019:12:02:13 +0000] "GET /phpmyadmin/themes/pmahomme/img/s_lang.png HTTP/1.1" 200 743
::1 - - [10/Dec/2019:12:02:13 +0000] "GET /phpmyadmin/themes/pmahomme/img/b_more.png HTTP/1.1" 200 1002
::1 - - [10/Dec/2019:12:02:15 +0000] "GET /phpmyadmin/index.php?db=assignment2&token=cd6a6dfee104efa0cac5f06e8d369cae HTTP/1.1" 200 2648
::1 - - [10/Dec/2019:12:02:15 +0000] "GET /phpmyadmin/navigation.php?token=cd6a6dfee104efa0cac5f06e8d369cae&db=assignment2 HTTP/1.1" 200 5727
::1 - - [10/Dec/2019:12:02:15 +0000] "GET /phpmyadmin/themes/pmahomme/img/b_sbrowse.png HTTP/1.1" 200 566
::1 - - [10/Dec/2019:12:02:15 +0000] "GET /phpmyadmin/themes/pmahomme/img/b_snewtbl.png HTTP/1.1" 200 733
::1 - - [10/Dec/2019:12:02:15 +0000] "GET /phpmyadmin/db_structure.php?token=cd6a6dfee104efa0cac5f06e8d369cae&db=assignment2 HTTP/1.1" 200 18459
::1 - - [10/Dec/2019:12:02:15 +0000] "GET /phpmyadmin/js/db_structure.js?ts=1574686306 HTTP/1.1" 200 3178
::1 - - [10/Dec/2019:12:02:15 +0000] "GET /phpmyadmin/js/messages.php?lang=en&db=assignment2&token=cd6a6dfee104efa0cac5f06e8d369cae HTTP/1.1" 200 4945
::1 - - [10/Dec/2019:12:02:15 +0000] "GET /phpmyadmin/themes/pmahomme/img/b_props.png HTTP/1.1" 200 663
::1 - - [10/Dec/2019:12:02:15 +0000] "GET /phpmyadmin/themes/pmahomme/img/item_ltr.png HTTP/1.1" 200 162
::1 - - [10/Dec/2019:12:02:15 +0000] "GET /phpmyadmin/themes/pmahomme/img/b_select.png HTTP/1.1" 200 680
::1 - - [10/Dec/2019:12:02:15 +0000] "GET /phpmyadmin/themes/pmahomme/img/s_asc.png HTTP/1.1" 200 201
::1 - - [10/Dec/2019:12:02:15 +0000] "GET /phpmyadmin/themes/pmahomme/img/b_search.png HTTP/1.1" 200 615
::1 - - [10/Dec/2019:12:02:15 +0000] "GET /phpmyadmin/themes/pmahomme/img/b_browse.png HTTP/1.1" 200 566
::1 - - [10/Dec/2019:12:02:15 +0000] "GET /phpmyadmin/themes/pmahomme/img/arrow_ltr.png HTTP/1.1" 200 184
::1 - - [10/Dec/2019:12:02:15 +0000] "GET /phpmyadmin/themes/pmahomme/img/b_empty.png HTTP/1.1" 200 363
::1 - - [10/Dec/2019:12:02:15 +0000] "GET /phpmyadmin/themes/pmahomme/img/b_drop.png HTTP/1.1" 200 715
::1 - - [10/Dec/2019:12:02:15 +0000] "GET /phpmyadmin/themes/pmahomme/img/b_print.png HTTP/1.1" 200 731
::1 - - [10/Dec/2019:12:02:15 +0000] "GET /phpmyadmin/themes/pmahomme/img/b_insrow.png HTTP/1.1" 200 228
::1 - - [10/Dec/2019:12:02:15 +0000] "GET /phpmyadmin/themes/pmahomme/img/b_tblanalyse.png HTTP/1.1" 200 234
::1 - - [10/Dec/2019:12:02:15 +0000] "GET /phpmyadmin/themes/pmahomme/img/b_newtbl.png HTTP/1.1" 200 325
::1 - - [10/Dec/2019:12:02:16 +0000] "GET /phpmyadmin/themes/pmahomme/img/marked_bg.png HTTP/1.1" 200 977
::1 - - [10/Dec/2019:12:02:17 +0000] "GET /phpmyadmin/sql.php?db=assignment2&token=cd6a6dfee104efa0cac5f06e8d369cae&goto=db_structure.php&table=tbl_users&pos=0 HTTP/1.1" 200 40317
::1 - - [10/Dec/2019:12:02:18 +0000] "GET /phpmyadmin/js/pMap.js?ts=1574686308 HTTP/1.1" 200 1915
::1 - - [10/Dec/2019:12:02:18 +0000] "GET /phpmyadmin/js/sql.js?ts=1574686310 HTTP/1.1" 200 15945
::1 - - [10/Dec/2019:12:02:18 +0000] "GET /phpmyadmin/themes/pmahomme/img/s_tbl.png HTTP/1.1" 200 714
::1 - - [10/Dec/2019:12:02:18 +0000] "GET /phpmyadmin/themes/pmahomme/img/b_chart.png HTTP/1.1" 200 541
::1 - - [10/Dec/2019:12:02:18 +0000] "GET /phpmyadmin/themes/pmahomme/img/b_edit.png HTTP/1.1" 200 444
::1 - - [10/Dec/2019:12:02:18 +0000] "GET /phpmyadmin/themes/pmahomme/img/b_tblimport.png HTTP/1.1" 200 629
::1 - - [10/Dec/2019:12:02:18 +0000] "GET /phpmyadmin/themes/pmahomme/img/b_tblexport.png HTTP/1.1" 200 641
::1 - - [10/Dec/2019:12:02:18 +0000] "GET /phpmyadmin/themes/pmahomme/img/s_fulltext.png HTTP/1.1" 200 244
::1 - - [10/Dec/2019:12:02:18 +0000] "GET /phpmyadmin/themes/pmahomme/img/b_views.png HTTP/1.1" 200 700
::1 - - [10/Dec/2019:12:02:18 +0000] "GET /phpmyadmin/themes/pmahomme/img/s_success.png HTTP/1.1" 200 537
::1 - - [10/Dec/2019:12:02:18 +0000] "GET /phpmyadmin/themes/pmahomme/img/b_inline_edit.png HTTP/1.1" 200 618
::1 - - [10/Dec/2019:12:06:00 +0000] "GET /phpmyadmin/ HTTP/1.1" 200 7889
::1 - - [10/Dec/2019:12:06:00 +0000] "GET /phpmyadmin/print.css HTTP/1.1" 200 1064
::1 - - [10/Dec/2019:12:06:00 +0000] "GET /phpmyadmin/themes/pmahomme/jquery/jquery-ui-1.8.custom.css HTTP/1.1" 200 30846
::1 - - [10/Dec/2019:12:06:00 +0000] "GET /phpmyadmin/js/cross_framing_protection.js?ts=1574686306 HTTP/1.1" 200 331
::1 - - [10/Dec/2019:12:06:00 +0000] "GET /phpmyadmin/js/update-location.js?ts=1574686310 HTTP/1.1" 200 758
::1 - - [10/Dec/2019:12:06:00 +0000] "GET /phpmyadmin/js/jquery/jquery-1.4.4.js?ts=1574686310 HTTP/1.1" 200 78268
::1 - - [10/Dec/2019:12:06:00 +0000] "GET /phpmyadmin/js/functions.js?ts=1574686308 HTTP/1.1" 200 31563
::1 - - [10/Dec/2019:12:06:00 +0000] "GET /phpmyadmin/js/jquery/jquery.qtip-1.0.0.min.js?ts=1574686312 HTTP/1.1" 200 38434
::1 - - [10/Dec/2019:12:06:00 +0000] "GET /phpmyadmin/phpmyadmin.css.php?server=1&lang=en&collation_connection=utf8_general_ci&token=a1a61d9f9b62c6e3e250b63dd413db0b&js_frame=right&nocache=4724059381 HTTP/1.1" 200 41672
::1 - - [10/Dec/2019:12:06:00 +0000] "GET /phpmyadmin/js/messages.php?lang=en&db=&collation_connection=utf8_general_ci&token=a1a61d9f9b62c6e3e250b63dd413db0b HTTP/1.1" 200 4934
::1 - - [10/Dec/2019:12:06:00 +0000] "GET /phpmyadmin/themes/pmahomme/img/b_help.png HTTP/1.1" 200 1594
::1 - - [10/Dec/2019:12:06:00 +0000] "GET /phpmyadmin/themes/pmahomme/img/logo_right.png HTTP/1.1" 200 4921
::1 - - [10/Dec/2019:12:06:00 +0000] "GET /phpmyadmin/favicon.ico HTTP/1.1" 200 18902
::1 - - [10/Dec/2019:12:06:00 +0000] "GET /phpmyadmin/themes/pmahomme/img/s_notice.png HTTP/1.1" 200 666
::1 - - [10/Dec/2019:12:06:00 +0000] "GET /phpmyadmin/themes/pmahomme/img/input_bg.gif HTTP/1.1" 200 162
