191126 18:54:38 [Note] Plugin 'FEDERATED' is disabled.
191126 18:54:38 InnoDB: The InnoDB memory heap is disabled
191126 18:54:38 InnoDB: Mutexes and rw_locks use Windows interlocked functions
191126 18:54:38 InnoDB: Compressed tables use zlib 1.2.3
191126 18:54:38 InnoDB: Initializing buffer pool, size = 128.0M
191126 18:54:38 InnoDB: Completed initialization of buffer pool
191126 18:54:38 InnoDB: highest supported file format is Barracuda.
InnoDB: The log sequence number in ibdata files does not match
InnoDB: the log sequence number in the ib_logfiles!
191126 18:54:38  InnoDB: Database was not shut down normally!
InnoDB: Starting crash recovery.
InnoDB: Reading tablespace information from the .ibd files...
InnoDB: Restoring possible half-written data pages from the doublewrite
InnoDB: buffer...
191126 18:54:38  InnoDB: Waiting for the background threads to start
191126 18:54:39 InnoDB: 1.1.8 started; log sequence number 1794146
191126 20:26:53 [Note] Plugin 'FEDERATED' is disabled.
191126 20:26:53 InnoDB: The InnoDB memory heap is disabled
191126 20:26:53 InnoDB: Mutexes and rw_locks use Windows interlocked functions
191126 20:26:53 InnoDB: Compressed tables use zlib 1.2.3
191126 20:26:53 InnoDB: Initializing buffer pool, size = 128.0M
191126 20:26:53 InnoDB: Completed initialization of buffer pool
191126 20:26:53 InnoDB: highest supported file format is Barracuda.
InnoDB: The log sequence number in ibdata files does not match
InnoDB: the log sequence number in the ib_logfiles!
191126 20:26:53  InnoDB: Database was not shut down normally!
InnoDB: Starting crash recovery.
InnoDB: Reading tablespace information from the .ibd files...
InnoDB: Restoring possible half-written data pages from the doublewrite
InnoDB: buffer...
191126 20:26:55  InnoDB: Waiting for the background threads to start
191126 20:26:56 InnoDB: 1.1.8 started; log sequence number 1816116
191126 20:26:56 [Note] Event Scheduler: Loaded 0 events
191126 20:26:56 [Note] \\ikb\home\57\1820557\Downloads\Islam Raihan Unit27 A2\Islam Raihan Unit27 A2/mysql/bin/mysqld_usbwv8.exe: ready for connections.
Version: '5.5.20'  socket: ''  port: 3307  MySQL Community Server (GPL)
