171225 15:18:22 [Note] Plugin 'FEDERATED' is disabled.
171225 15:18:22 InnoDB: The InnoDB memory heap is disabled
171225 15:18:22 InnoDB: Mutexes and rw_locks use Windows interlocked functions
171225 15:18:22 InnoDB: Compressed tables use zlib 1.2.3
171225 15:18:22 InnoDB: Initializing buffer pool, size = 128.0M
171225 15:18:22 InnoDB: Completed initialization of buffer pool
171225 15:18:22 InnoDB: highest supported file format is Barracuda.
InnoDB: The log sequence number in ibdata files does not match
InnoDB: the log sequence number in the ib_logfiles!
171225 15:18:22  InnoDB: Database was not shut down normally!
InnoDB: Starting crash recovery.
InnoDB: Reading tablespace information from the .ibd files...
InnoDB: Restoring possible half-written data pages from the doublewrite
InnoDB: buffer...
171225 15:18:22  InnoDB: Waiting for the background threads to start
171225 15:18:23 InnoDB: 1.1.8 started; log sequence number 1633499
171225 15:49:30 [Note] Plugin 'FEDERATED' is disabled.
171225 15:49:30 InnoDB: The InnoDB memory heap is disabled
171225 15:49:30 InnoDB: Mutexes and rw_locks use Windows interlocked functions
171225 15:49:30 InnoDB: Compressed tables use zlib 1.2.3
171225 15:49:30 InnoDB: Initializing buffer pool, size = 128.0M
171225 15:49:30 InnoDB: Completed initialization of buffer pool
171225 15:49:30 InnoDB: highest supported file format is Barracuda.
InnoDB: The log sequence number in ibdata files does not match
InnoDB: the log sequence number in the ib_logfiles!
171225 15:49:30  InnoDB: Database was not shut down normally!
InnoDB: Starting crash recovery.
InnoDB: Reading tablespace information from the .ibd files...
InnoDB: Restoring possible half-written data pages from the doublewrite
InnoDB: buffer...
171225 15:49:31  InnoDB: Waiting for the background threads to start
171225 15:49:32 InnoDB: 1.1.8 started; log sequence number 1633499
171225 15:49:32 [Note] Event Scheduler: Loaded 0 events
171225 15:49:32 [Note] E:\USBWebserver v8.5\8.5/mysql/bin/mysqld_usbwv8.exe: ready for connections.
Version: '5.5.20'  socket: ''  port: 3307  MySQL Community Server (GPL)
171225 15:51:19 [Note] Plugin 'FEDERATED' is disabled.
171225 15:51:19 InnoDB: The InnoDB memory heap is disabled
171225 15:51:19 InnoDB: Mutexes and rw_locks use Windows interlocked functions
171225 15:51:19 InnoDB: Compressed tables use zlib 1.2.3
171225 15:51:19 InnoDB: Initializing buffer pool, size = 128.0M
171225 15:51:19 InnoDB: Completed initialization of buffer pool
171225 15:51:19 InnoDB: highest supported file format is Barracuda.
InnoDB: The log sequence number in ibdata files does not match
InnoDB: the log sequence number in the ib_logfiles!
171225 15:51:19  InnoDB: Database was not shut down normally!
InnoDB: Starting crash recovery.
InnoDB: Reading tablespace information from the .ibd files...
InnoDB: Restoring possible half-written data pages from the doublewrite
InnoDB: buffer...
171225 15:51:20  InnoDB: Waiting for the background threads to start
171225 15:51:21 InnoDB: 1.1.8 started; log sequence number 1633499
171225 15:51:21 [Note] Event Scheduler: Loaded 0 events
171225 15:51:21 [Note] E:\USBWebserver v8.5\8.5/mysql/bin/mysqld_usbwv8.exe: ready for connections.
Version: '5.5.20'  socket: ''  port: 3307  MySQL Community Server (GPL)
180105 21:59:16 [Note] Plugin 'FEDERATED' is disabled.
180105 21:59:16 InnoDB: The InnoDB memory heap is disabled
180105 21:59:16 InnoDB: Mutexes and rw_locks use Windows interlocked functions
180105 21:59:16 InnoDB: Compressed tables use zlib 1.2.3
180105 21:59:16 InnoDB: Initializing buffer pool, size = 128.0M
180105 21:59:16 InnoDB: Completed initialization of buffer pool
180105 21:59:16 InnoDB: highest supported file format is Barracuda.
InnoDB: The log sequence number in ibdata files does not match
InnoDB: the log sequence number in the ib_logfiles!
180105 21:59:16  InnoDB: Database was not shut down normally!
InnoDB: Starting crash recovery.
InnoDB: Reading tablespace information from the .ibd files...
InnoDB: Restoring possible half-written data pages from the doublewrite
InnoDB: buffer...
180105 21:59:17  InnoDB: Waiting for the background threads to start
180105 21:59:18 InnoDB: 1.1.8 started; log sequence number 1633499
180105 21:59:18 [Note] Event Scheduler: Loaded 0 events
180105 21:59:18 [Note] E:\USBWebserver v8.5\8.5/mysql/bin/mysqld_usbwv8.exe: ready for connections.
Version: '5.5.20'  socket: ''  port: 3307  MySQL Community Server (GPL)
180105 22:06:19 [Note] Plugin 'FEDERATED' is disabled.
180105 22:06:19 InnoDB: The InnoDB memory heap is disabled
180105 22:06:19 InnoDB: Mutexes and rw_locks use Windows interlocked functions
180105 22:06:19 InnoDB: Compressed tables use zlib 1.2.3
180105 22:06:19 InnoDB: Initializing buffer pool, size = 128.0M
180105 22:06:19 InnoDB: Completed initialization of buffer pool
180105 22:06:19 InnoDB: highest supported file format is Barracuda.
InnoDB: The log sequence number in ibdata files does not match
InnoDB: the log sequence number in the ib_logfiles!
180105 22:06:19  InnoDB: Database was not shut down normally!
InnoDB: Starting crash recovery.
InnoDB: Reading tablespace information from the .ibd files...
InnoDB: Restoring possible half-written data pages from the doublewrite
InnoDB: buffer...
180105 22:06:19  InnoDB: Waiting for the background threads to start
180105 22:06:20 InnoDB: 1.1.8 started; log sequence number 1633499
180105 22:06:20 [Note] Event Scheduler: Loaded 0 events
180105 22:06:20 [Note] E:\USBWebserver v8.5\8.5/mysql/bin/mysqld_usbwv8.exe: ready for connections.
Version: '5.5.20'  socket: ''  port: 3307  MySQL Community Server (GPL)
180828 19:37:45 [Note] Plugin 'FEDERATED' is disabled.
180828 19:37:45 InnoDB: The InnoDB memory heap is disabled
180828 19:37:45 InnoDB: Mutexes and rw_locks use Windows interlocked functions
180828 19:37:45 InnoDB: Compressed tables use zlib 1.2.3
180828 19:37:45 InnoDB: Initializing buffer pool, size = 128.0M
180828 19:37:45 InnoDB: Completed initialization of buffer pool
180828 19:37:45 InnoDB: highest supported file format is Barracuda.
InnoDB: The log sequence number in ibdata files does not match
InnoDB: the log sequence number in the ib_logfiles!
180828 19:37:45  InnoDB: Database was not shut down normally!
InnoDB: Starting crash recovery.
InnoDB: Reading tablespace information from the .ibd files...
InnoDB: Restoring possible half-written data pages from the doublewrite
InnoDB: buffer...
180828 19:37:45  InnoDB: Waiting for the background threads to start
180828 19:37:46 InnoDB: 1.1.8 started; log sequence number 1770836
180828 19:37:47 [Note] Event Scheduler: Loaded 0 events
180828 19:37:47 [Note] E:\USBWebserver v8.5\Islam Raihan Unit27 A2/mysql/bin/mysqld_usbwv8.exe: ready for connections.
Version: '5.5.20'  socket: ''  port: 3307  MySQL Community Server (GPL)
