191209 20:38:15 [Note] Plugin 'FEDERATED' is disabled.
191209 20:38:15 InnoDB: The InnoDB memory heap is disabled
191209 20:38:15 InnoDB: Mutexes and rw_locks use Windows interlocked functions
191209 20:38:15 InnoDB: Compressed tables use zlib 1.2.3
191209 20:38:15 InnoDB: Initializing buffer pool, size = 128.0M
191209 20:38:15 InnoDB: Completed initialization of buffer pool
191209 20:38:15 InnoDB: highest supported file format is Barracuda.
InnoDB: The log sequence number in ibdata files does not match
InnoDB: the log sequence number in the ib_logfiles!
191209 20:38:15  InnoDB: Database was not shut down normally!
InnoDB: Starting crash recovery.
InnoDB: Reading tablespace information from the .ibd files...
InnoDB: Restoring possible half-written data pages from the doublewrite
InnoDB: buffer...
191209 20:38:15  InnoDB: Waiting for the background threads to start
191209 20:38:16 InnoDB: 1.1.8 started; log sequence number 1822375
191209 20:52:11 [Note] Plugin 'FEDERATED' is disabled.
191209 20:52:11 InnoDB: The InnoDB memory heap is disabled
191209 20:52:11 InnoDB: Mutexes and rw_locks use Windows interlocked functions
191209 20:52:11 InnoDB: Compressed tables use zlib 1.2.3
191209 20:52:11 InnoDB: Initializing buffer pool, size = 128.0M
191209 20:52:11 InnoDB: Completed initialization of buffer pool
191209 20:52:11 InnoDB: highest supported file format is Barracuda.
InnoDB: The log sequence number in ibdata files does not match
InnoDB: the log sequence number in the ib_logfiles!
191209 20:52:11  InnoDB: Database was not shut down normally!
InnoDB: Starting crash recovery.
InnoDB: Reading tablespace information from the .ibd files...
InnoDB: Restoring possible half-written data pages from the doublewrite
InnoDB: buffer...
191209 20:52:11  InnoDB: Waiting for the background threads to start
191209 20:52:12 InnoDB: 1.1.8 started; log sequence number 1823021
191210  7:42:59 [Note] Plugin 'FEDERATED' is disabled.
191210  7:42:59 InnoDB: The InnoDB memory heap is disabled
191210  7:42:59 InnoDB: Mutexes and rw_locks use Windows interlocked functions
191210  7:42:59 InnoDB: Compressed tables use zlib 1.2.3
191210  7:42:59 InnoDB: Initializing buffer pool, size = 128.0M
191210  7:42:59 InnoDB: Completed initialization of buffer pool
191210  7:42:59 InnoDB: highest supported file format is Barracuda.
InnoDB: The log sequence number in ibdata files does not match
InnoDB: the log sequence number in the ib_logfiles!
191210  7:42:59  InnoDB: Database was not shut down normally!
InnoDB: Starting crash recovery.
InnoDB: Reading tablespace information from the .ibd files...
InnoDB: Restoring possible half-written data pages from the doublewrite
InnoDB: buffer...
191210  7:43:00  InnoDB: Waiting for the background threads to start
191210  7:43:01 InnoDB: 1.1.8 started; log sequence number 1823021
191210 10:44:34 [Note] Plugin 'FEDERATED' is disabled.
191210 10:44:34 InnoDB: The InnoDB memory heap is disabled
191210 10:44:34 InnoDB: Mutexes and rw_locks use Windows interlocked functions
191210 10:44:34 InnoDB: Compressed tables use zlib 1.2.3
191210 10:44:34 InnoDB: Initializing buffer pool, size = 128.0M
191210 10:44:34 InnoDB: Completed initialization of buffer pool
191210 10:44:34 InnoDB: highest supported file format is Barracuda.
InnoDB: The log sequence number in ibdata files does not match
InnoDB: the log sequence number in the ib_logfiles!
191210 10:44:34  InnoDB: Database was not shut down normally!
InnoDB: Starting crash recovery.
InnoDB: Reading tablespace information from the .ibd files...
InnoDB: Restoring possible half-written data pages from the doublewrite
InnoDB: buffer...
191210 10:44:34  InnoDB: Waiting for the background threads to start
191210 10:44:35 InnoDB: 1.1.8 started; log sequence number 1823021
191210 12:00:55 [Note] Plugin 'FEDERATED' is disabled.
191210 12:00:55 InnoDB: The InnoDB memory heap is disabled
191210 12:00:55 InnoDB: Mutexes and rw_locks use Windows interlocked functions
191210 12:00:55 InnoDB: Compressed tables use zlib 1.2.3
191210 12:00:55 InnoDB: Initializing buffer pool, size = 128.0M
191210 12:00:55 InnoDB: Completed initialization of buffer pool
191210 12:00:55 InnoDB: highest supported file format is Barracuda.
InnoDB: The log sequence number in ibdata files does not match
InnoDB: the log sequence number in the ib_logfiles!
191210 12:00:55  InnoDB: Database was not shut down normally!
InnoDB: Starting crash recovery.
InnoDB: Reading tablespace information from the .ibd files...
InnoDB: Restoring possible half-written data pages from the doublewrite
InnoDB: buffer...
191210 12:00:55  InnoDB: Waiting for the background threads to start
191210 12:00:56 InnoDB: 1.1.8 started; log sequence number 1823253
