180110  9:37:30 [Note] Plugin 'FEDERATED' is disabled.
180110  9:37:30 InnoDB: The InnoDB memory heap is disabled
180110  9:37:30 InnoDB: Mutexes and rw_locks use Windows interlocked functions
180110  9:37:30 InnoDB: Compressed tables use zlib 1.2.3
180110  9:37:30 InnoDB: Initializing buffer pool, size = 128.0M
180110  9:37:30 InnoDB: Completed initialization of buffer pool
180110  9:37:31 InnoDB: highest supported file format is Barracuda.
InnoDB: The log sequence number in ibdata files does not match
InnoDB: the log sequence number in the ib_logfiles!
180110  9:37:31  InnoDB: Database was not shut down normally!
InnoDB: Starting crash recovery.
InnoDB: Reading tablespace information from the .ibd files...
InnoDB: Restoring possible half-written data pages from the doublewrite
InnoDB: buffer...
180110  9:37:31  InnoDB: Waiting for the background threads to start
180110  9:37:32 InnoDB: 1.1.8 started; log sequence number 1633499
180110  9:45:07 [Note] Plugin 'FEDERATED' is disabled.
180110  9:45:07 InnoDB: The InnoDB memory heap is disabled
180110  9:45:07 InnoDB: Mutexes and rw_locks use Windows interlocked functions
180110  9:45:07 InnoDB: Compressed tables use zlib 1.2.3
180110  9:45:07 InnoDB: Initializing buffer pool, size = 128.0M
180110  9:45:07 InnoDB: Completed initialization of buffer pool
180110  9:45:07 InnoDB: highest supported file format is Barracuda.
InnoDB: The log sequence number in ibdata files does not match
InnoDB: the log sequence number in the ib_logfiles!
180110  9:45:07  InnoDB: Database was not shut down normally!
InnoDB: Starting crash recovery.
InnoDB: Reading tablespace information from the .ibd files...
InnoDB: Restoring possible half-written data pages from the doublewrite
InnoDB: buffer...
180110  9:45:08  InnoDB: Waiting for the background threads to start
180110  9:45:09 InnoDB: 1.1.8 started; log sequence number 1633499
180110  9:45:09 [Note] Event Scheduler: Loaded 0 events
180110  9:45:09 [Note] E:\USBWebserver v8.5\8.5/mysql/bin/mysqld_usbwv8.exe: ready for connections.
Version: '5.5.20'  socket: ''  port: 3307  MySQL Community Server (GPL)
180110  9:47:00 [Note] Plugin 'FEDERATED' is disabled.
180110  9:47:00 InnoDB: The InnoDB memory heap is disabled
180110  9:47:00 InnoDB: Mutexes and rw_locks use Windows interlocked functions
180110  9:47:00 InnoDB: Compressed tables use zlib 1.2.3
180110  9:47:00 InnoDB: Initializing buffer pool, size = 128.0M
180110  9:47:00 InnoDB: Completed initialization of buffer pool
180110  9:47:00 InnoDB: highest supported file format is Barracuda.
InnoDB: The log sequence number in ibdata files does not match
InnoDB: the log sequence number in the ib_logfiles!
180110  9:47:00  InnoDB: Database was not shut down normally!
InnoDB: Starting crash recovery.
InnoDB: Reading tablespace information from the .ibd files...
InnoDB: Restoring possible half-written data pages from the doublewrite
InnoDB: buffer...
180110  9:47:00  InnoDB: Waiting for the background threads to start
180110  9:47:01 InnoDB: 1.1.8 started; log sequence number 1633499
180110  9:47:02 [Note] Event Scheduler: Loaded 0 events
180110  9:47:02 [Note] E:\USBWebserver v8.5\8.5/mysql/bin/mysqld_usbwv8.exe: ready for connections.
Version: '5.5.20'  socket: ''  port: 3307  MySQL Community Server (GPL)
180110  9:49:13 [Note] Plugin 'FEDERATED' is disabled.
180110  9:49:13 InnoDB: The InnoDB memory heap is disabled
180110  9:49:13 InnoDB: Mutexes and rw_locks use Windows interlocked functions
180110  9:49:13 InnoDB: Compressed tables use zlib 1.2.3
180110  9:49:13 InnoDB: Initializing buffer pool, size = 128.0M
180110  9:49:13 InnoDB: Completed initialization of buffer pool
180110  9:49:13 InnoDB: highest supported file format is Barracuda.
InnoDB: The log sequence number in ibdata files does not match
InnoDB: the log sequence number in the ib_logfiles!
180110  9:49:13  InnoDB: Database was not shut down normally!
InnoDB: Starting crash recovery.
InnoDB: Reading tablespace information from the .ibd files...
InnoDB: Restoring possible half-written data pages from the doublewrite
InnoDB: buffer...
180110  9:49:14  InnoDB: Waiting for the background threads to start
180110  9:49:15 InnoDB: 1.1.8 started; log sequence number 1633499
180110  9:50:09 [Note] Plugin 'FEDERATED' is disabled.
180110  9:50:09 InnoDB: The InnoDB memory heap is disabled
180110  9:50:09 InnoDB: Mutexes and rw_locks use Windows interlocked functions
180110  9:50:09 InnoDB: Compressed tables use zlib 1.2.3
180110  9:50:09 InnoDB: Initializing buffer pool, size = 128.0M
180110  9:50:09 InnoDB: Completed initialization of buffer pool
180110  9:50:09 InnoDB: highest supported file format is Barracuda.
InnoDB: The log sequence number in ibdata files does not match
InnoDB: the log sequence number in the ib_logfiles!
180110  9:50:09  InnoDB: Database was not shut down normally!
InnoDB: Starting crash recovery.
InnoDB: Reading tablespace information from the .ibd files...
InnoDB: Restoring possible half-written data pages from the doublewrite
InnoDB: buffer...
180110  9:50:09  InnoDB: Waiting for the background threads to start
180110  9:50:10 InnoDB: 1.1.8 started; log sequence number 1633499
180110  9:50:10 [Note] Event Scheduler: Loaded 0 events
180110  9:50:10 [Note] E:\USBWebserver v8.5\8.5/mysql/bin/mysqld_usbwv8.exe: ready for connections.
Version: '5.5.20'  socket: ''  port: 3307  MySQL Community Server (GPL)
180110  9:50:28 [Note] Plugin 'FEDERATED' is disabled.
180110  9:50:28 InnoDB: The InnoDB memory heap is disabled
180110  9:50:28 InnoDB: Mutexes and rw_locks use Windows interlocked functions
180110  9:50:28 InnoDB: Compressed tables use zlib 1.2.3
180110  9:50:28 InnoDB: Initializing buffer pool, size = 128.0M
180110  9:50:28 InnoDB: Completed initialization of buffer pool
180110  9:50:28 InnoDB: highest supported file format is Barracuda.
InnoDB: The log sequence number in ibdata files does not match
InnoDB: the log sequence number in the ib_logfiles!
180110  9:50:28  InnoDB: Database was not shut down normally!
InnoDB: Starting crash recovery.
InnoDB: Reading tablespace information from the .ibd files...
InnoDB: Restoring possible half-written data pages from the doublewrite
InnoDB: buffer...
180110  9:50:29  InnoDB: Waiting for the background threads to start
180110  9:50:30 InnoDB: 1.1.8 started; log sequence number 1633499
180110  9:53:19 [Note] Plugin 'FEDERATED' is disabled.
180110  9:53:20 InnoDB: The InnoDB memory heap is disabled
180110  9:53:20 InnoDB: Mutexes and rw_locks use Windows interlocked functions
180110  9:53:20 InnoDB: Compressed tables use zlib 1.2.3
180110  9:53:20 InnoDB: Initializing buffer pool, size = 128.0M
180110  9:53:20 InnoDB: Completed initialization of buffer pool
180110  9:53:20 InnoDB: highest supported file format is Barracuda.
InnoDB: The log sequence number in ibdata files does not match
InnoDB: the log sequence number in the ib_logfiles!
180110  9:53:20  InnoDB: Database was not shut down normally!
InnoDB: Starting crash recovery.
InnoDB: Reading tablespace information from the .ibd files...
InnoDB: Restoring possible half-written data pages from the doublewrite
InnoDB: buffer...
180110  9:53:20  InnoDB: Waiting for the background threads to start
180110  9:53:21 InnoDB: 1.1.8 started; log sequence number 1633499
180110  9:53:21 [Note] Event Scheduler: Loaded 0 events
180110  9:53:21 [Note] E:\USBWebserver v8.5\8.5/mysql/bin/mysqld_usbwv8.exe: ready for connections.
Version: '5.5.20'  socket: ''  port: 3307  MySQL Community Server (GPL)
180110  9:55:48 [Note] Plugin 'FEDERATED' is disabled.
180110  9:55:48 InnoDB: The InnoDB memory heap is disabled
180110  9:55:48 InnoDB: Mutexes and rw_locks use Windows interlocked functions
180110  9:55:48 InnoDB: Compressed tables use zlib 1.2.3
180110  9:55:48 InnoDB: Initializing buffer pool, size = 128.0M
180110  9:55:48 InnoDB: Completed initialization of buffer pool
180110  9:55:48 InnoDB: highest supported file format is Barracuda.
InnoDB: The log sequence number in ibdata files does not match
InnoDB: the log sequence number in the ib_logfiles!
180110  9:55:48  InnoDB: Database was not shut down normally!
InnoDB: Starting crash recovery.
InnoDB: Reading tablespace information from the .ibd files...
InnoDB: Restoring possible half-written data pages from the doublewrite
InnoDB: buffer...
180110  9:55:48  InnoDB: Waiting for the background threads to start
180110  9:55:49 InnoDB: 1.1.8 started; log sequence number 1633499
