180117  9:35:21 [Note] Plugin 'FEDERATED' is disabled.
180117  9:35:21 InnoDB: The InnoDB memory heap is disabled
180117  9:35:21 InnoDB: Mutexes and rw_locks use Windows interlocked functions
180117  9:35:21 InnoDB: Compressed tables use zlib 1.2.3
180117  9:35:21 InnoDB: Initializing buffer pool, size = 128.0M
180117  9:35:21 InnoDB: Completed initialization of buffer pool
180117  9:35:22 InnoDB: highest supported file format is Barracuda.
InnoDB: The log sequence number in ibdata files does not match
InnoDB: the log sequence number in the ib_logfiles!
180117  9:35:22  InnoDB: Database was not shut down normally!
InnoDB: Starting crash recovery.
InnoDB: Reading tablespace information from the .ibd files...
InnoDB: Restoring possible half-written data pages from the doublewrite
InnoDB: buffer...
180117  9:35:22  InnoDB: Waiting for the background threads to start
180117  9:35:23 InnoDB: 1.1.8 started; log sequence number 1633499
180117  9:35:23 [ERROR] Can't start server: Bind on TCP/IP port: No such file or directory
180117  9:35:23 [ERROR] Do you already have another mysqld server running on port: 3307 ?
180117  9:35:23 [ERROR] Aborting

180117  9:35:23  InnoDB: Starting shutdown...
180117  9:35:23  InnoDB: Shutdown completed; log sequence number 1633499
180117  9:35:23 [Note] E:\USBWebserver v8.5\8.5/mysql/bin/mysqld_usbwv8.exe: Shutdown complete

