150916  9:24:25 [Note] Plugin 'FEDERATED' is disabled.
150916  9:24:25 InnoDB: The InnoDB memory heap is disabled
150916  9:24:25 InnoDB: Mutexes and rw_locks use Windows interlocked functions
150916  9:24:25 InnoDB: Compressed tables use zlib 1.2.3
150916  9:24:25 InnoDB: Initializing buffer pool, size = 128.0M
150916  9:24:25 InnoDB: Completed initialization of buffer pool
150916  9:24:25 InnoDB: highest supported file format is Barracuda.
InnoDB: The log sequence number in ibdata files does not match
InnoDB: the log sequence number in the ib_logfiles!
150916  9:24:25  InnoDB: Database was not shut down normally!
InnoDB: Starting crash recovery.
InnoDB: Reading tablespace information from the .ibd files...
InnoDB: Restoring possible half-written data pages from the doublewrite
InnoDB: buffer...
150916  9:24:27  InnoDB: Waiting for the background threads to start
150916  9:24:28 InnoDB: 1.1.8 started; log sequence number 1595675
150916  9:24:28 [Note] Event Scheduler: Loaded 0 events
150916  9:24:28 [Note] E:\U27\USBWebserver v8.5\8.5/mysql/bin/mysqld_usbwv8.exe: ready for connections.
Version: '5.5.20'  socket: ''  port: 3307  MySQL Community Server (GPL)
151208 13:00:18 [Note] Plugin 'FEDERATED' is disabled.
151208 13:00:19 InnoDB: The InnoDB memory heap is disabled
151208 13:00:19 InnoDB: Mutexes and rw_locks use Windows interlocked functions
151208 13:00:19 InnoDB: Compressed tables use zlib 1.2.3
151208 13:00:19 InnoDB: Initializing buffer pool, size = 128.0M
151208 13:00:19 InnoDB: Completed initialization of buffer pool
151208 13:00:20 InnoDB: highest supported file format is Barracuda.
InnoDB: The log sequence number in ibdata files does not match
InnoDB: the log sequence number in the ib_logfiles!
151208 13:00:20  InnoDB: Database was not shut down normally!
InnoDB: Starting crash recovery.
InnoDB: Reading tablespace information from the .ibd files...
InnoDB: Restoring possible half-written data pages from the doublewrite
InnoDB: buffer...
151208 13:00:22  InnoDB: Waiting for the background threads to start
151208 13:00:23 InnoDB: 1.1.8 started; log sequence number 1595675
151208 13:00:24 [Note] Event Scheduler: Loaded 0 events
151208 13:00:24 [Note] E:\U27\USBWebserver v8.5\8.5/mysql/bin/mysqld_usbwv8.exe: ready for connections.
Version: '5.5.20'  socket: ''  port: 3307  MySQL Community Server (GPL)
160128 13:28:13 [Note] Plugin 'FEDERATED' is disabled.
160128 13:28:15 InnoDB: The InnoDB memory heap is disabled
160128 13:28:15 InnoDB: Mutexes and rw_locks use Windows interlocked functions
160128 13:28:15 InnoDB: Compressed tables use zlib 1.2.3
160128 13:28:15 InnoDB: Initializing buffer pool, size = 128.0M
160128 13:28:15 InnoDB: Completed initialization of buffer pool
160128 13:28:16 InnoDB: highest supported file format is Barracuda.
InnoDB: The log sequence number in ibdata files does not match
InnoDB: the log sequence number in the ib_logfiles!
160128 13:28:16  InnoDB: Database was not shut down normally!
InnoDB: Starting crash recovery.
InnoDB: Reading tablespace information from the .ibd files...
InnoDB: Restoring possible half-written data pages from the doublewrite
InnoDB: buffer...
160128 13:28:19  InnoDB: Waiting for the background threads to start
160128 13:28:20 InnoDB: 1.1.8 started; log sequence number 1595675
160128 13:28:21 [Note] Event Scheduler: Loaded 0 events
160128 13:28:21 [Note] E:\U27 Server Side\USBWebserver v8.5\8.5/mysql/bin/mysqld_usbwv8.exe: ready for connections.
Version: '5.5.20'  socket: ''  port: 3307  MySQL Community Server (GPL)
170130 15:11:40 [Note] Plugin 'FEDERATED' is disabled.
170130 15:11:41 InnoDB: The InnoDB memory heap is disabled
170130 15:11:41 InnoDB: Mutexes and rw_locks use Windows interlocked functions
170130 15:11:41 InnoDB: Compressed tables use zlib 1.2.3
170130 15:11:41 InnoDB: Initializing buffer pool, size = 128.0M
170130 15:11:41 InnoDB: Completed initialization of buffer pool
170130 15:11:41 InnoDB: highest supported file format is Barracuda.
InnoDB: The log sequence number in ibdata files does not match
InnoDB: the log sequence number in the ib_logfiles!
170130 15:11:41  InnoDB: Database was not shut down normally!
InnoDB: Starting crash recovery.
InnoDB: Reading tablespace information from the .ibd files...
InnoDB: Restoring possible half-written data pages from the doublewrite
InnoDB: buffer...
170130 15:11:44  InnoDB: Waiting for the background threads to start
170130 15:11:45 InnoDB: 1.1.8 started; log sequence number 1619015
170130 15:11:47 [Note] Event Scheduler: Loaded 0 events
170130 15:11:47 [Note] E:\U27 Server Side\USBWebserver v8.5\8.5/mysql/bin/mysqld_usbwv8.exe: ready for connections.
Version: '5.5.20'  socket: ''  port: 3307  MySQL Community Server (GPL)
171115  9:15:32 [Note] Plugin 'FEDERATED' is disabled.
171115  9:15:32 InnoDB: The InnoDB memory heap is disabled
171115  9:15:32 InnoDB: Mutexes and rw_locks use Windows interlocked functions
171115  9:15:32 InnoDB: Compressed tables use zlib 1.2.3
171115  9:15:32 InnoDB: Initializing buffer pool, size = 128.0M
171115  9:15:32 InnoDB: Completed initialization of buffer pool
171115  9:15:33 InnoDB: highest supported file format is Barracuda.
InnoDB: The log sequence number in ibdata files does not match
InnoDB: the log sequence number in the ib_logfiles!
171115  9:15:33  InnoDB: Database was not shut down normally!
InnoDB: Starting crash recovery.
InnoDB: Reading tablespace information from the .ibd files...
InnoDB: Restoring possible half-written data pages from the doublewrite
InnoDB: buffer...
171115  9:15:36  InnoDB: Waiting for the background threads to start
171115  9:15:37 InnoDB: 1.1.8 started; log sequence number 1633499
171115  9:15:39 [Note] Event Scheduler: Loaded 0 events
171115  9:15:39 [Note] K:\DBrown\USBWebserver v8.5\8.5/mysql/bin/mysqld_usbwv8.exe: ready for connections.
Version: '5.5.20'  socket: ''  port: 3307  MySQL Community Server (GPL)
171122  9:40:37 [Note] Plugin 'FEDERATED' is disabled.
171122  9:40:37 InnoDB: The InnoDB memory heap is disabled
171122  9:40:37 InnoDB: Mutexes and rw_locks use Windows interlocked functions
171122  9:40:37 InnoDB: Compressed tables use zlib 1.2.3
171122  9:40:37 InnoDB: Initializing buffer pool, size = 128.0M
171122  9:40:37 InnoDB: Completed initialization of buffer pool
171122  9:40:37 InnoDB: highest supported file format is Barracuda.
InnoDB: The log sequence number in ibdata files does not match
InnoDB: the log sequence number in the ib_logfiles!
171122  9:40:38  InnoDB: Database was not shut down normally!
InnoDB: Starting crash recovery.
InnoDB: Reading tablespace information from the .ibd files...
InnoDB: Restoring possible half-written data pages from the doublewrite
InnoDB: buffer...
171122  9:40:39  InnoDB: Waiting for the background threads to start
171122  9:40:40 InnoDB: 1.1.8 started; log sequence number 1633499
171122  9:40:40 [Note] Event Scheduler: Loaded 0 events
171122  9:40:40 [Note] K:\DBrown\USBWebserver v8.5\8.5/mysql/bin/mysqld_usbwv8.exe: ready for connections.
Version: '5.5.20'  socket: ''  port: 3307  MySQL Community Server (GPL)
